<?xml version="1.0" encoding="UTF-8"?>
<testsuite xmlns:xsi="http://www.w3.org/2001/XMLSchema-instance" xsi:noNamespaceSchemaLocation="https://maven.apache.org/surefire/maven-surefire-plugin/xsd/surefire-test-report-3.0.xsd" version="3.0" name="com.springdocker.springdocker.SpringDockerApplicationTests" time="7.463" tests="1" errors="0" skipped="0" failures="0">
  <properties>
[...]
</properties>
  <testcase name="contextLoads" classname="com.springdocker.springdocker.SpringDockerApplicationTests" time="2.373">
    <system-out><![CDATA[22:55:35.905 [main] INFO org.springframework.test.context.support.AnnotationConfigContextLoaderUtils -- Could not detect default configuration classes for test class [com.springdocker.springdocker.SpringDockerApplicationTests]: SpringDockerApplicationTests does not declare any static, non-private, non-final, nested classes annotated with @Configuration.
22:55:36.184 [main] INFO org.springframework.boot.test.context.SpringBootTestContextBootstrapper -- Found @SpringBootConfiguration com.springdocker.springdocker.SpringDockerApplication for test class com.springdocker.springdocker.SpringDockerApplicationTests

  .   ____          _            __ _ _
 /\\ / ___'_ __ _ _(_)_ __  __ _ \ \ \ \
( ( )\___ | '_ | '_| | '_ \/ _` | \ \ \ \
 \\/  ___)| |_)| | | | | || (_| |  ) ) ) )
  '  |____| .__|_| |_|_| |_\__, | / / / /
 =========|_|==============|___/=/_/_/_/
 :: Spring Boot ::                (v3.1.5)

2023-11-06T22:55:37.241+05:30  INFO 11560 --- [           main] c.s.s.SpringDockerApplicationTests       : Starting SpringDockerApplicationTests using Java 17.0.7 with PID 11560 (started by Lenovo in G:\spring-docker\spring-docker)
2023-11-06T22:55:37.249+05:30  INFO 11560 --- [           main] c.s.s.SpringDockerApplicationTests       : No active profile set, falling back to 1 default profile: "default"
2023-11-06T22:55:40.520+05:30  INFO 11560 --- [           main] c.s.s.SpringDockerApplicationTests       : Started SpringDockerApplicationTests in 3.947 seconds (process running for 6.813)
]]></system-out>
  </testcase>
</testsuite>